# JRE version: OpenJDK Runtime Environment (8.0_212-b04) (build 1.8.0_212-release-1586-b04)
# Java VM: OpenJDK 64-Bit Server VM (25.212-b04 mixed mode windows-amd64 compressed oops)
Heap:
 PSYoungGen      total 212992K, used 103489K [0x00000000e0000000, 0x00000000efd00000, 0x0000000100000000)
  eden space 187904K, 47% used [0x00000000e0000000,0x00000000e5775218,0x00000000eb780000)
  from space 25088K, 55% used [0x00000000eb780000,0x00000000ec51b270,0x00000000ed000000)
  to   space 24576K, 0% used [0x00000000ee500000,0x00000000ee500000,0x00000000efd00000)
 ParOldGen       total 141824K, used 46711K [0x00000000a0000000, 0x00000000a8a80000, 0x00000000e0000000)
  object space 141824K, 32% used [0x00000000a0000000,0x00000000a2d9dfa0,0x00000000a8a80000)
 Metaspace       used 86736K, capacity 91383K, committed 91480K, reserved 1128448K
  class space    used 11703K, capacity 12577K, committed 12632K, reserved 1048576K
GC Heap History (10 events):
Event: 7.001 GC heap before
{Heap before GC invocations=14 (full 2):
 PSYoungGen      total 152064K, used 43090K [0x00000000e0000000, 0x00000000ec980000, 0x0000000100000000)
  eden space 137728K, 20% used [0x00000000e0000000,0x00000000e1c17d38,0x00000000e8680000)
  from space 14336K, 99% used [0x00000000e8680000,0x00000000e947cc90,0x00000000e9480000)
  to   space 18432K, 0% used [0x00000000eb780000,0x00000000eb780000,0x00000000ec980000)
 ParOldGen       total 92672K, used 24964K [0x00000000a0000000, 0x00000000a5a80000, 0x00000000e0000000)
  object space 92672K, 26% used [0x00000000a0000000,0x00000000a1861358,0x00000000a5a80000)
 Metaspace       used 57080K, capacity 59051K, committed 59096K, reserved 1099776K
  class space    used 7890K, capacity 8363K, committed 8408K, reserved 1048576K
Event: 7.008 GC heap after
Heap after GC invocations=14 (full 2):
 PSYoungGen      total 187904K, used 3730K [0x00000000e0000000, 0x00000000ed080000, 0x0000000100000000)
  eden space 169472K, 0% used [0x00000000e0000000,0x00000000e0000000,0x00000000ea580000)
  from space 18432K, 20% used [0x00000000eb780000,0x00000000ebb24a18,0x00000000ec980000)
  to   space 18432K, 0% used [0x00000000ea580000,0x00000000ea580000,0x00000000eb780000)
 ParOldGen       total 92672K, used 32134K [0x00000000a0000000, 0x00000000a5a80000, 0x00000000e0000000)
  object space 92672K, 34% used [0x00000000a0000000,0x00000000a1f61b58,0x00000000a5a80000)
 Metaspace       used 57080K, capacity 59051K, committed 59096K, reserved 1099776K
  class space    used 7890K, capacity 8363K, committed 8408K, reserved 1048576K
}
Event: 7.008 GC heap before
{Heap before GC invocations=15 (full 3):
 PSYoungGen      total 187904K, used 3730K [0x00000000e0000000, 0x00000000ed080000, 0x0000000100000000)
  eden space 169472K, 0% used [0x00000000e0000000,0x00000000e0000000,0x00000000ea580000)
  from space 18432K, 20% used [0x00000000eb780000,0x00000000ebb24a18,0x00000000ec980000)
  to   space 18432K, 0% used [0x00000000ea580000,0x00000000ea580000,0x00000000eb780000)
 ParOldGen       total 92672K, used 32134K [0x00000000a0000000, 0x00000000a5a80000, 0x00000000e0000000)
  object space 92672K, 34% used [0x00000000a0000000,0x00000000a1f61b58,0x00000000a5a80000)
 Metaspace       used 57080K, capacity 59051K, committed 59096K, reserved 1099776K
  class space    used 7890K, capacity 8363K, committed 8408K, reserved 1048576K
Event: 7.248 GC heap after
Heap after GC invocations=15 (full 3):
 PSYoungGen      total 187904K, used 0K [0x00000000e0000000, 0x00000000ed080000, 0x0000000100000000)
  eden space 169472K, 0% used [0x00000000e0000000,0x00000000e0000000,0x00000000ea580000)
  from space 18432K, 0% used [0x00000000eb780000,0x00000000eb780000,0x00000000ec980000)
  to   space 18432K, 0% used [0x00000000ea580000,0x00000000ea580000,0x00000000eb780000)
 ParOldGen       total 141824K, used 30663K [0x00000000a0000000, 0x00000000a8a80000, 0x00000000e0000000)
  object space 141824K, 21% used [0x00000000a0000000,0x00000000a1df1c50,0x00000000a8a80000)
 Metaspace       used 57033K, capacity 58917K, committed 59096K, reserved 1099776K
  class space    used 7875K, capacity 8336K, committed 8408K, reserved 1048576K
}
Event: 15.434 GC heap before
{Heap before GC invocations=16 (full 3):
 PSYoungGen      total 187904K, used 169472K [0x00000000e0000000, 0x00000000ed080000, 0x0000000100000000)
  eden space 169472K, 100% used [0x00000000e0000000,0x00000000ea580000,0x00000000ea580000)
  from space 18432K, 0% used [0x00000000eb780000,0x00000000eb780000,0x00000000ec980000)
  to   space 18432K, 0% used [0x00000000ea580000,0x00000000ea580000,0x00000000eb780000)
 ParOldGen       total 141824K, used 30663K [0x00000000a0000000, 0x00000000a8a80000, 0x00000000e0000000)
  object space 141824K, 21% used [0x00000000a0000000,0x00000000a1df1c50,0x00000000a8a80000)
 Metaspace       used 62589K, capacity 64955K, committed 65240K, reserved 1105920K
  class space    used 8605K, capacity 9103K, committed 9176K, reserved 1048576K
Event: 15.443 GC heap after
Heap after GC invocations=16 (full 3):
 PSYoungGen      total 187904K, used 11745K [0x00000000e0000000, 0x00000000ee280000, 0x0000000100000000)
  eden space 169472K, 0% used [0x00000000e0000000,0x00000000e0000000,0x00000000ea580000)
  from space 18432K, 63% used [0x00000000ea580000,0x00000000eb0f8678,0x00000000eb780000)
  to   space 18944K, 0% used [0x00000000ed000000,0x00000000ed000000,0x00000000ee280000)
 ParOldGen       total 141824K, used 30671K [0x00000000a0000000, 0x00000000a8a80000, 0x00000000e0000000)
  object space 141824K, 21% used [0x00000000a0000000,0x00000000a1df3c50,0x00000000a8a80000)
 Metaspace       used 62589K, capacity 64955K, committed 65240K, reserved 1105920K
  class space    used 8605K, capacity 9103K, committed 9176K, reserved 1048576K
}
Event: 24.063 GC heap before
{Heap before GC invocations=17 (full 3):
 PSYoungGen      total 187904K, used 181217K [0x00000000e0000000, 0x00000000ee280000, 0x0000000100000000)
  eden space 169472K, 100% used [0x00000000e0000000,0x00000000ea580000,0x00000000ea580000)
  from space 18432K, 63% used [0x00000000ea580000,0x00000000eb0f8678,0x00000000eb780000)
  to   space 18944K, 0% used [0x00000000ed000000,0x00000000ed000000,0x00000000ee280000)
 ParOldGen       total 141824K, used 30671K [0x00000000a0000000, 0x00000000a8a80000, 0x00000000e0000000)
  object space 141824K, 21% used [0x00000000a0000000,0x00000000a1df3c50,0x00000000a8a80000)
 Metaspace       used 77093K, capacity 80539K, committed 80728K, reserved 1118208K
  class space    used 10553K, capacity 11245K, committed 11352K, reserved 1048576K
Event: 24.087 GC heap after
Heap after GC invocations=17 (full 3):
 PSYoungGen      total 206848K, used 18941K [0x00000000e0000000, 0x00000000eeb00000, 0x0000000100000000)
  eden space 187904K, 0% used [0x00000000e0000000,0x00000000e0000000,0x00000000eb780000)
  from space 18944K, 99% used [0x00000000ed000000,0x00000000ee27f6b0,0x00000000ee280000)
  to   space 25088K, 0% used [0x00000000eb780000,0x00000000eb780000,0x00000000ed000000)
 ParOldGen       total 141824K, used 40291K [0x00000000a0000000, 0x00000000a8a80000, 0x00000000e0000000)
  object space 141824K, 28% used [0x00000000a0000000,0x00000000a2758ca8,0x00000000a8a80000)
 Metaspace       used 77093K, capacity 80539K, committed 80728K, reserved 1118208K
  class space    used 10553K, capacity 11245K, committed 11352K, reserved 1048576K
}
Event: 26.947 GC heap before
{Heap before GC invocations=18 (full 3):
 PSYoungGen      total 206848K, used 206845K [0x00000000e0000000, 0x00000000eeb00000, 0x0000000100000000)
  eden space 187904K, 100% used [0x00000000e0000000,0x00000000eb780000,0x00000000eb780000)
  from space 18944K, 99% used [0x00000000ed000000,0x00000000ee27f6b0,0x00000000ee280000)
  to   space 25088K, 0% used [0x00000000eb780000,0x00000000eb780000,0x00000000ed000000)
 ParOldGen       total 141824K, used 40291K [0x00000000a0000000, 0x00000000a8a80000, 0x00000000e0000000)
  object space 141824K, 28% used [0x00000000a0000000,0x00000000a2758ca8,0x00000000a8a80000)
 Metaspace       used 83876K, capacity 88457K, committed 88792K, reserved 1126400K
  class space    used 11538K, capacity 12414K, committed 12504K, reserved 1048576K
Event: 26.969 GC heap after
Heap after GC invocations=18 (full 3):
 PSYoungGen      total 212992K, used 13932K [0x00000000e0000000, 0x00000000efd00000, 0x0000000100000000)
  eden space 187904K, 0% used [0x00000000e0000000,0x00000000e0000000,0x00000000eb780000)
  from space 25088K, 55% used [0x00000000eb780000,0x00000000ec51b270,0x00000000ed000000)
  to   space 24576K, 0% used [0x00000000ee500000,0x00000000ee500000,0x00000000efd00000)
 ParOldGen       total 141824K, used 46711K [0x00000000a0000000, 0x00000000a8a80000, 0x00000000e0000000)
  object space 141824K, 32% used [0x00000000a0000000,0x00000000a2d9dfa0,0x00000000a8a80000)
 Metaspace       used 83876K, capacity 88457K, committed 88792K, reserved 1126400K
  class space    used 11538K, capacity 12414K, committed 12504K, reserved 1048576K
}

